<?xml version="1.0" encoding="UTF-8"?>
<testng-results ignored="0" total="1" passed="1" failed="0" skipped="0">
  <reporter-output>
  </reporter-output>
  <suite started-at="2022-04-09T10:25:59 IST" name="Default suite" finished-at="2022-04-09T10:26:00 IST" duration-ms="951">
    <groups>
    </groups>
    <test started-at="2022-04-09T10:25:59 IST" name="Default test" finished-at="2022-04-09T10:26:00 IST" duration-ms="951">
      <class name="TestometerTest.WebLoginTest">
        <test-method is-config="true" signature="openBrowser()[pri:0, instance:TestometerTest.WebLoginTest@6ae5aa72]" started-at="2022-04-09T10:25:51 IST" name="openBrowser" finished-at="2022-04-09T10:25:59 IST" duration-ms="8712" status="PASS">
          <reporter-output>
          </reporter-output>
        </test-method> <!-- openBrowser -->
        <test-method signature="testLogin()[pri:1, instance:TestometerTest.WebLoginTest@6ae5aa72]" started-at="2022-04-09T10:25:59 IST" name="testLogin" finished-at="2022-04-09T10:26:00 IST" duration-ms="749" status="PASS">
          <reporter-output>
          </reporter-output>
        </test-method> <!-- testLogin -->
        <test-method is-config="true" signature="getResult(org.testng.ITestResult)[pri:0, instance:TestometerTest.WebLoginTest@6ae5aa72]" started-at="2022-04-09T10:26:00 IST" name="getResult" finished-at="2022-04-09T10:26:00 IST" duration-ms="187" status="PASS">
          <params>
            <param index="0">
              <value>
                <![CDATA[[TestResult name=testLogin status=SUCCESS method=WebLoginTest.testLogin()[pri:1, instance:TestometerTest.WebLoginTest@6ae5aa72] output={null}]]]>
              </value>
            </param>
          </params>
          <reporter-output>
          </reporter-output>
        </test-method> <!-- getResult -->
        <test-method is-config="true" signature="closeBrowser()[pri:0, instance:TestometerTest.WebLoginTest@6ae5aa72]" started-at="2022-04-09T10:26:00 IST" name="closeBrowser" finished-at="2022-04-09T10:26:01 IST" duration-ms="718" status="PASS">
          <reporter-output>
          </reporter-output>
        </test-method> <!-- closeBrowser -->
      </class> <!-- TestometerTest.WebLoginTest -->
    </test> <!-- Default test -->
  </suite> <!-- Default suite -->
</testng-results>
